[    0.000000] Initializing cgroup subss puset
[    0.000000] Initializing cgroup subsys cpu
[    0.00000] niialiing cgrop ubys cpuact
[    0.000000] Linux version 4.4.0-134-generic (buildd@lgw01-amd64-033) (gcc version 5.4.0 20160609 (Ubuntu 5.4.0-6ubuntu1~16.04.10) )#160-Ubunu SMP Weed Ag 5 4:58:0 UTC 2018 (buntu 4.4.0-134.160-gener 44.140)
[    0.000000] Command line: BOOT_IMAGE=/boot/vmlinuz-4.4.0-134-generic root=LABEL=cloudimg-rootfs ro console=ty1 console=ttyS0
[    0.000000] KERNEL supported cpus:
[    0.000000]   Intel GenuineIntel
[   .00000]   AMD AuthenticAMD
[    0.000000]   Centaur CentaurHauls
[    0.000000] x86/fpu: xstate_offset[2]:  576, xstate_sizes[2]:  256
[    0.000000] x86/fpu: Supporting XSAVE feature 0x01: 'x87 floating point registers'
[    0.000000] x86/fpu: Supporting XSAVE feature 0x02: 'SSE regites'
[   000000] x86/fpu: Supporin XSAVE feature 0x04: 'AVX registers'
[    0.000000] x86/fpu: Enabled xstate features 0x7, context size is 832 bytes, using 'standard' format.
[    0.000000] e820: BIOS-provided phyical RAM map:
[   .00000]BIS-e820: [me 0000000000000000-0x000000000009fbff] usable
[   .0000] BIOS-e820: [mem 0x000000000009fc00-0x000000000009ffff reserved
[    0.00000] BIOS-e820: [mem 0x00000000000f0000-0x00000000000fffff] reserved
[    0.000000] BIOS-e820: [mem 0x0000000000100000-0x000000003ffeffff] usable
[    0.000000] BIOS-e820: [mem 0x000000fff000-0x0000003fffffff] ACPI data
[   .00000] BI-e20 [mem0x0000000fec00000-0x00000000fec00fff] reserved
[    .00000] BIOS-e820: [mem 0x000000fe00000-0x00000000fee00fff] esrved
[   0.000000] BIOS-e820: [mem 0000000fffc0000-0x00000000ffffffff] reserved
[    0.000000] NX (Execute Disable) protection: active
[    0.000000] SMBIOS 2.5 pren.
[   .000000 Hypervisor deteced: KVM
[   0.000000 e820:last_pfn = 0x3fff0 max_arch_fn= 0x400000000
[   .00000] MTRR: Disabled
[    0.000000] x86/PAT: MTRRs disabled, skipping PAT iniiaiztion too.
[   0.000000] CPU MTRRs all blank - virtualized system.
[    0.000000] x86/PAT: Confguation[0-7]: WB  WT  UC- UC  WB  WT  UC- UC  
[    0.000000] foud MP MP-table at [mem 0x0009fff0-0x0009ffff] mapped at [ffff88000009fff0]
[   .00000] Scanning 1 areas for low memor corruption
[    000000] RAMDISK: [mem 0x3630c000-0x3717dfff]
[    0.000000] ACPI: Early table checksum verification disabled
[    0.000000] ACPI: RSDP 0x00000000000E0000 000024 (v02 VBOX  )
[    0.000000] ACPI: XSDTx000000003FFF0030 00003C (v1 VBO   VBOXXDT 00000001 ASL  00000061)
[    0.00000 ACPI: FAC 0x000000003FFF00F0 0000F4 (v04 VBOX   VBOXFACP 000000 ASL  00000061)
    0.000000] ACPI: DSDT 0x000000003FFF0470 0021FF (v02 VBOX   VBOXBIOS 000000002 INTL 20100528)
[    0.000000] ACPI: FACS 0x000000003FFF0200 000040
[    0.000000] ACPI: FACS 0x0000003FFF0200 000040
[    0.000000] ACPI: APIC 0x00000003FFF0240 00005C (v02 VBOX   VBOXAPIC 00000001 ASL  00000061)
[    0.000000 API: SSDT 0x000000003FFF02A0 0001CC (v01 VBOX   VBOXCPUT 00000002 INTL 20100528)
[    0.000000 No NUMA configuration found
[   .0000] Faking a node at [me 0x0000000000000000-0x000000003ffeffff]
[    0.000000]NOE_ATA(0) allocated [mem x3ffeb00-x3ffeffff]
[   .000000 kvm-clock: Using msrs 4b564d01 and 4b564d00
[   .000000] kvm-clock: cpu 0, msr 0:3ffe3001, primary cpu lock
[    0.000000] kvm-clock: using sed ofset of 3580196285 cycles
[   0.000000] clocksource: kvm-clock: mask: 0xffffffffffffffff max_cycles: 0x1c2e4dffb, max_idle_ns: 881590591483 ns
[    0.000000] Zonranges:
[    0.000000]   DMA      [mem 0x000000000000100-0x0000000000ffffff]
[    0.000000]   DMA32    [mem 0x0000000001000000-0x000000003ffeffff]
[     0.00000]   Normal   emty
[    0.000000]   Device   empty
[    0.000000] Moable on start for each  node
[    0.000000] Early memory node ranges
[    0.000000]   node   0: [mem 0x0000000000001000-0x000000000009efff]
[    0.000000]   node   0: [mem 0x000000000010000-0x000000003ffeffff]
[    0.000000] Initmem setup node 0 [mem 0x0000000000001000-0x000000003feffff]
[    000000] ACPI: PM-Timer IO Port: 0x4008
[    0.000000] IOAPIC[0]: apic_id, ersion 32, address 0xfec00000, GSI 0-23
[    0.000000] ACPI: INT_SRC_OVR (bus 0 bus_irq 0 global_irq 2 dfl dfl)
[    0.0000000] ACPI: INT_SRC_OVR (bus 0 bus_irq 9 global_irq 9 low level)
[    0.000000] Using ACPI (MADT) for SMP configuration information
[    0.000000] smpboot: Allowing 2 CPUs, 0 hotplug CPUs
[    0.000000] PM: Registered nosave memory: [mem 0x00000000-0x0000fff]
[    0.000000] PM: Registered nosave memory: [mem 0x0009f000-0x0009ffff]
[    0.000000] PM: Registered nosave memory: [mem 0x000a0000-0x000effff]
[    0.000000] PM: Registered nosave memory: [mem 0x000f0000-0x000fffff]
[  0.000000] e820: [mem 0x40000000-0xfebfffff] available for PCI devices
[    0.000000] Bootin pravirtualized kernel on KVM
[    0.000000] clocksource: refined-jiffies: mask: 0xffffffff max_cycles: 0xffffffff, max_idle_ns: 7645519600211568 ns
[    0.000000] setup_percpu: NR_CPUS:512 ncpmask_bits:5 n_cpu_ids:2 nr_node_ids:1
[    0.000000] PERCPU: Embedded 34 pagess/cp @ff88003fc00000 99544 r8192 d31528 u1048576
[    0.0000] PV qpinlock hash table entries: 256 (order: 0,406 bytes)
[    0.000000] Built 1 zonelists in od oder, mobility grouping on.  Total pages: 257912
[    00000] olicy zone DMA32
[    0.00000] Kernel command ine: BOOT_IMAGE=/boot/vmlinz-4.4.0-134-generic root=LABEL=cloudimg-rootfs ro console=tty1 console=ttyS0
[    0.00000] PID hash table entries:406 order: 3, 32768 bytes)
[   .00000]Memory: 997724K/1048120K available (8554K kernel code, 1314K rwdata, 4004K rodata, 1516K init, 1316K bss, 50396K reserved, 0K cma-reserved)
[    0.000000] SLUB: HWalign=64, Order=03,MinObjects=0, CPUs=2, Node1
[    0.000000] Kernel/User page tables isolation: enabled
[   .00000] Hierarchical RCU implementation.
[    0.000000] 	Build-time adjustment of leaf fanout to 64.
[   .00000] 	RCU restricting CPUs from NR_CPUS=512 to nr_cpu_ids=2.
[    0.000000] RCU: Adjusting geometry for rcu_fanout_leaf=64, nr_cpu_ids=2
[    0.000000] NR_IRQS:33024 nr_irqs:440 16
[    0.000000] Console: colour VGA+ 80x25
[    0.000000] console [tty1] enabled
[    0.000000] console [ttyS0] enabled
[    0.000000] tsc: Detected 1799.999 MHz pressor
[    4.330530] Calibrating delay loop (skipped) preset value.. 3599.99 BogoMIPS (lpj=7199996)
[    4.364096] pid_max: default: 32768 minimum: 301
[    4.370978] ACPI: Core revision 20150930
[    4.377845] ACPI: 2 ACPI AML tables successfully acquired and loaded
[    4.379907] Security Framework initialized
[    4.381246] Yama: becoming mindful.
[    4.387954] AppArmor: AppArmor initialized
[    4.389508] Dentry cache hash table entries: 131072 (order: 8, 1048576 bytes)
[    4.394858] Inode-cache hash table entries: 65536 (order: 7, 524288 bytes)
[    4.402868] Mount-cache hash table entries: 2048 (order: 2, 16384 bytes)
[    4.404959] Mountpoint-cache hash table entries: 2048 (order: 2, 16384 bytes)
[    4.410517] Initializing cgroup subsys io
[    4.412031] Initializing cgroup subsys memory
[    4.422434] Initializing cgroup subsys devices
[    4.436049] Initializing cgroup subsys freezer
[    4.476366] Initializing cgroup subsys net_cls
[    4.500001] Initializing cgroup subsys perf_event
[    4.512954] Initializing cgroup subsys net_prio
[    4.517155] Initializing cgroup subsys hugetlb
[    4.532337] Initializing cgroup subsys pids
[    4.547057] mce: CPU supports 0 MCE banks
[    4.548452] Last level iTLB entries: 4KB 64, 2MB 8, 4MB 8
[    4.562846] Last level dTLB entries: 4KB 64, 2MB 0, 4MB 0, 1GB 4
[    4.565007] Spectre V2 : Mitigation: Full generic retpoline
[    4.584846] Spectre V2 : Speculation control IBPB not-supported IBRS not-supported
[    4.605158] Speculative Store Bypass: Vulnerable
[    4.622961] Freeing SMP alternatives memory: 32K
[    4.650239] ftrace: allocating 32266 entries in 127 pages
[    4.729986] smpboot: APIC(0) Converting physical 0 to logical package 0
[    4.751085] smpboot: Max logical packages: 1
[    4.757246] x2apic enabled
[    4.772625] Switched APIC routing to physical x2apic.
[    4.792092] ..TIMER: vector=0x30 apic1=0 pin1=2 apic2=-1 pin2=-1
[    4.920197] smpboot: CPU0: Intel(R) Core(TM) i5-5350U CPU @ 1.80GHz (family: 0x6, model: 0x3d, stepping: 0x4)
[    4.927680] Performance Events: unsupported p6 CPU model 61 no PMU driver, software events only.
[    4.938139] KVM setup paravirtual spinlock
[    4.946071] x86: Booting SMP configuration:
[    4.965028] .... node  #0, CPUs:      #1
[    4.980081] kvm-clock: cpu 1, msr 0:3ffe3041, secondary cpu clock
[    4.982115] mce: CPU supports 0 MCE banks
[    4.985046] x86: Booted up 1 node, 2 CPUs
[    4.986577] smpboot: Total of 2 processors activated (7199.99 BogoMIPS)
[    5.002718] devtmpfs: initialized
[    5.006318] evm: security.selinux
[    5.016114] evm: security.SMACK64
[    5.025948] evm: security.SMACK64EXEC
[    5.027048] evm: security.SMACK64TRANSMUTE
[    5.033957] evm: security.SMACK64MMAP
[    5.035055] evm: security.ima
[    5.040412] evm: security.capability
[    5.042525] clocksource: jiffies: mask: 0xffffffff max_cycles: 0xffffffff, max_idle_ns: 7645041785100000 ns
[    5.067325] futex hash table entries: 512 (order: 3, 32768 bytes)
[    5.081107] pinctrl core: initialized pinctrl subsystem
[    5.102087] RTC time: 10:19:33, date: 09/30/18
[    5.106227] NET: Registered protocol family 16
[    5.128812] cpuidle: using governor ladder
[    5.148110] cpuidle: using governor menu
[    5.150645] PCCT header not found.
[    5.160647] ACPI: bus type PCI registered
[    5.178196] acpiphp: ACPI Hot Plug PCI Controller Driver version: 0.5
[    5.197782] PCI: Using configuration type 1 for base access
[    5.218127] ACPI: Added _OSI(Module Device)
[    5.227974] ACPI: Added _OSI(Processor Device)
[    5.238397] ACPI: Added _OSI(3.0 _SCP Extensions)
[    5.250227] ACPI: Added _OSI(Processor Aggregator Device)
[    5.257940] ACPI: Executed 1 blocks of module-level executable AML code
[    5.272480] ACPI: Interpreter enabled
[    5.278599] ACPI: (supports S0 S5)
[    5.281963] ACPI: Using IOAPIC for interrupt routing
[    5.285634] PCI: Using host bridge windows from ACPI; if necessary, use "pci=nocrs" and report a bug
[    5.301206] ACPI: PCI Root Bridge [PCI0] (domain 0000 [bus 00-ff])
[    5.325616] acpi PNP0A03:00: _OSC: OS supports [ASPM ClockPM Segments MSI]
[    5.332762] acpi PNP0A03:00: _OSC: not requesting OS control; OS requires [ExtendedConfig ASPM ClockPM MSI]
[    5.359228] acpi PNP0A03:00: fail to add MMCONFIG information, can't access extended PCI configuration space under this bridge.
[    5.369900] PCI host bridge to bus 0000:00
[    5.371086] pci_bus 0000:00: root bus resource [io  0x0000-0x0cf7 window]
[    5.376676] pci_bus 0000:00: root bus resource [io  0x0d00-0xffff window]
[    5.395130] pci_bus 0000:00: root bus resource [mem 0x000a0000-0x000bffff window]
[    5.405389] pci_bus 0000:00: root bus resource [mem 0x40000000-0xfdffffff window]
[    5.415767] pci_bus 0000:00: root bus resource [bus 00-ff]
[    5.427128] pci 0000:00:01.1: legacy IDE quirk: reg 0x10: [io  0x01f0-0x01f7]
[    5.436871] pci 0000:00:01.1: legacy IDE quirk: reg 0x14: [io  0x03f6]
[    5.451149] pci 0000:00:01.1: legacy IDE quirk: reg 0x18: [io  0x0170-0x0177]
[    5.454376] pci 0000:00:01.1: legacy IDE quirk: reg 0x1c: [io  0x0376]
[    5.482016] pci 0000:00:07.0: quirk: [io  0x4000-0x403f] claimed by PIIX4 ACPI
[    5.519326] pci 0000:00:07.0: quirk: [io  0x4100-0x410f] claimed by PIIX4 SMB
[    5.537124] ACPI: PCI Interrupt Link [LNKA] (IRQs 5 9 10 *11)
[    5.548697] ACPI: PCI Interrupt Link [LNKB] (IRQs 5 9 *10 11)
[    5.564719] ACPI: PCI Interrupt Link [LNKC] (IRQs 5 *9 10 11)
[    5.580199] ACPI: PCI Interrupt Link [LNKD] (IRQs 5 9 10 *11)
[    5.590351] ACPI: Enabled 2 GPEs in block 00 to 07
[    5.621471] vgaarb: setting as boot device: PCI:0000:00:02.0
[    5.646111] vgaarb: device added: PCI:0000:00:02.0,decodes=io+mem,owns=io+mem,locks=none
[    5.653722] vgaarb: loaded
[    5.657609] vgaarb: bridge control possible 0000:00:02.0
[    5.661633] SCSI subsystem initialized
[    5.664900] ACPI: bus type USB registered
[    5.680626] usbcore: registered new interface driver usbfs
[    5.689196] usbcore: registered new interface driver hub
[    5.696521] usbcore: registered new device driver usb
[    5.721477] PCI: Using ACPI for IRQ routing
[    5.746187] NetLabel: Initializing
[    5.747349] NetLabel:  domain hash size = 128
[    5.759682] NetLabel:  protocols = UNLABELED CIPSOv4
[    5.770214] NetLabel:  unlabeled traffic allowed by default
[    5.780539] amd_nb: Cannot enumerate AMD northbridges
[    5.795468] clocksource: Switched to clocksource kvm-clock
[    5.818114] AppArmor: AppArmor Fesystm nabld[   .9255] pnp: PnP ACPI init[   6.128576] pnp: nP ACPI: found 3 devices

[   .21684] clocksource: acpi_pm: mask: 0xffffff max_cycl: xffffff, maxidle_ns: 2085104 ns
[   .4307]NET: Regiserd protocol family

[   6.75143] P stabished hash table entries: 8192(oder:4,656 bytes)
[    7.84507] TCP bind hash table entries: 8192 (order: 5, 131072 bytes)
[   71480] TCP: Hastables configured (established 8192 bind812)
[    7.331615] UDP hash table entries: 512 (order: 2, 16384 bytes)
[    7.333677] UDP-Lite hash table entries: 512 (order: 2, 16384 bytes)
[   7.33487] NET: Registered protocolfaily 1
[   7466768 pi 000:00:0.: Limiting dret CI/PCI transfers
[    7.742284] pci 0000:00:01.0: Activating ISA DMA hang workarounds
[    7.744969] Unpacking initramfs...

[    8.051198] Freeing initrd memory: 14792K
[    8.068571] RAPL PMU detected, API unit is 2^-32 Joules, 4 fixed counters 10737418240 ms ovfl timer
[    8.108299] hw unit of domain pp0-core 2^-0 Joules
[    8.128353] hw unit of domain package 2^-0 Joules
[    8.129552] hw unit of domain dram 2^-0 Joules
[    8.130691] hw unit of domain pp1-gpu 2^-0 Joules
[    8.139037] platform rtc_cmos: registered platform RTC device (no PNP device found)
[    8.154143] Scanning for low memory corruption every 60 seconds
[    8.181324] audit: initializing netlink subsys (disabled)
[    8.186224] audit: type=2000 audit(1538302776.453:1): initialized
[    8.197322] Initialise system trusted keyring
[    8.206048] HugeTLB registered 2 MB page size, pre-allocated 0 pages
[    8.270156] zbud: loaded
[    8.280966] VFS: Disk quotas dquot_6.6.0
[    8.323443] VFS: Dquot-cache hash table entries: 512 (order 0, 4096 bytes)
[    8.337029] squashfs: version 4.0 (2009/01/31) Phillip Lougher
[    8.373025] fuse init (API version 7.23)
[    8.385858] Key type big_key registered
[    8.388419] Allocating IMA MOK and blacklist keyrings.
[    8.404527] Key type asymmetric registered
[    8.405594] Asymmetric key parser 'x509' registered
[    8.420654] Block layer SCSI generic (bsg) driver version 0.4 loaded (major 249)
[    8.423360] io scheduler noop registered
[    8.424516] io scheduler deadline registered (default)
[    8.425798] io scheduler cfq registered
[    8.426906] pci_hotplug: PCI Hot Plug PCI Core version: 0.5
[    8.428529] pciehp: PCI Express Hot Plug Controller Driver version: 0.4
[    8.463725] ACPI: AC Adapter [AC] (off-line)
[    8.480318] input: Power Button as /devices/LNXSYSTM:00/LNXPWRBN:00/input/input0
[    8.491941] ACPI: Power Button [PWRF]
[    8.493591] input: Sleep Button as /devices/LNXSYSTM:00/LNXSLPBN:00/input/input1
[    8.531386] ACPI: Sleep Button [SLPF]
[    8.542973] ACPI: Battery Slot [BAT0] (battery present)
[    8.547921] GHES: HEST is not enabled!
[    8.575330] Serial: 8250/16550 driver, 32 ports, IRQ sharing enabled
[   8.601189] 00:02: ttyS0 at /O0xf8(iq  4, bas_bau =115200) is a 16550A

[    8.865374] Linux agpgart interface v0.103
[    8.902511] loop: module loaded
[    8.904211] scsi host0: ata_piix
[    8.905481] scsi host1: ata_piix
[    8.907052] ata1: PATA max UDMA/33 cmd 0x1f0 ctl 0x3f6 bmdma 0xd000 irq 14
[    8.918728] ata2: PATA max UDMA/33 cmd 0x170 ctl 0x376 bmdma 0xd008 irq 15
[    8.920871] libphy: Fixed MDIO Bus: probed
[    8.999496] tun: Universal TUN/TAP device driver, 1.6
[    9.009859] tun: (C) 1999-2004 Max Krasnyansky <maxk@qualcomm.com>
[    9.021100] PPP generic driver version 2.4.2
[    9.032817] ehci_hcd: USB 2.0 'Enhanced' Host Controller (EHCI) Driver
[    9.078694] ehci-pci: EHCI PCI platform driver
[    9.085434] ehci-platform: EHCI generic platform driver
[    9.087263] ohci_hcd: USB 1.1 'Open' Host Controller (OHCI) Driver
[    9.090997] ohci-pci: OHCI PCI platform driver
[    9.096215] ohci-platform: OHCI generic platform driver
[    9.108122] uhci_hcd: USB Universal Host Controller Interface driver
[    9.125440] i8042: PNP: PS/2 Controller [PNP0303:PS2K,PNP0f03:PS2M] at 0x60,0x64 irq 1,12
[    9.130046] serio: i8042 KBD port at 0x60,0x64 irq 1
[    9.162642] tsc: Refined TSC clocksource calibration: 1800.640 MHz
[    9.172266] clocksource: tsc: mask: 0xffffffffffffffff max_cycles: 0x19f48632ea5, max_idle_ns: 440795291198 ns
[    9.172398] serio: i8042 AUX port at 0x60,0x64 irq 12
[    9.212543] mousedev: PS/2 mouse device common for all mice
[    9.225584] input: AT Translated Set 2 keyboard as /devices/platform/i8042/serio0/input/input2
[    9.237243] rtc_cmos rtc_cmos: rtc core: registered rtc_cmos as rtc0
[    9.245848] rtc_cmos rtc_cmos: alarms up to one day, 114 besnvam
[   9.380969]i2c /dev entries driver
[    9.458213] device-mapper: uevent: version 1.0.3
[    9.460086] device-mapper: ioctl: 4.34.0-ioctl (2015-10-28) initialised: dm-devel@redhat.com
[    9.483040] ledtrig-cpu: registered to indicate activity on CPUs
[    9.486141] NET: Registered protocol family 10
[    9.494197] NET: Registered protocol family 17
[    9.516415] Key type dns_resolver registered
[    9.522062] registered taskstats version 1
[    9.545673] Loading compiled-in X.509 certificates
[    9.547938] Loaded X.509 cert 'Build time autogenerated kernel key: 4eb3d024ac16f76c1747ffd474694c84db21038b'
[    9.550694] zswap: loaded using pool lzo/zbud
[    9.554040] Key type trusted registered
[    9.566661] Key type encrypted registered
[    9.572400] AppArmor: AppArmor sha1 policy hashing enabled
[    9.581318] ima: No TPM chip found, activating TPM-bypass!
[    9.596774] ima: Allocated hash algorithm: sha1
[    9.601415] evm: HMAC attrs: 0x1
[    9.608971]   Magic number: 2:604:326
[    9.610312] rtc_cmos rtc_cmos: setting system clock to 2018-09-30 10:19:38 UTC (1538302778)
[    .6894] BIOS EDD facility v0.16 2004-Jun-25, 0 devices found

[    9.733884] EDD information not available.
[    9.736705] Freeing unused kernel memory: 1516K
[    9.756908] Write protecting the kernel read-only data: 14336k
[    9.761576] Freeing unused kernel memory: 1672K
[    9.765595] Freeing unused kernel memory: 92K
Loading, please wait...
starting version 229
[    9.791316] random: systemd-udevd: uninitialized urandom read (16 bytes read, 5 bits of entropy available)
[    9.792317] random: udevadm: uninitialized urandom read (16 bytes read, 5 bits of entropy available)
[    9.792341] random: udevadm: uninitialized urandom read (16 bytes read, 5 bits of entropy available)
[    9.801256] random: systemd-udevd: uninitialized urandom read (16 bytes read, 5 bits of entropy available)
[    9.801545] random: udevadm: uninitialized urandom read (16 bytes read, 5 bits of entropy available)
[    9.801591] random: udevadm: uninitialized urandom read (16 bytes read, 5 bits of entropy available)
[    9.801728] random: udevadm: uninitialized urandom read (16 bytes read, 5 bits of entropy available)
[    9.801778] random: udevadm: uninitialized urandom read (16 bytes read, 5 bits of entropy available)
[    9.801827] random: udevadm: uninitialized urandom read (16 bytes read, 5 bits of entropy available)
[    9.801876] random: udevadm: uninitialized urandom read (16 bytes read, 5 bits of entropy available)
[    9.888711] e1000: Intel(R) PRO/1000 Network Driver - version 7.3.21-k8-NAPI
[    9.892494] e1000: Copyright (c) 1999-2006 Intel Corporation.
[    9.902154] Fusion MPT base driver 3.04.20
[    9.903866] Copyright (c) 1999-2008 LSI Corporation
[    9.913368] Fusion MPT SPI Host driver 3.04.20
[    9.931133] AVX2 version of gcm_enc/dec engaged.
[    9.932491] AES CTR mode by8 optimization enabled
[   10.116999] input: ImExPS/2 Generic Explorer Mouse as /devices/platform/i8042/serio1/input/input4
[   10.374132] e1000 0000:00:03.0 eth0: (PCI:33MHz:32-bit) 02:1d:76:b3:3c:fe
[   10.385408] e1000 0000:00:03.0 eth0: Intel(R) PRO/1000 Network Connection
[   10.392858] mptbase: ioc0: Initiating bringup
[   10.950676] ioc0: LSI53C1030 A0: Capabilities={Initiator}
[   11.314921] scsi host2: ioc0: LSI53C1030 A0, FwRev=00000000h, Ports=1, MaxQ=256, IRQ=20
[   11.881071] scsi 2:0:0:0: Direct-Access     VBOX     HARDDISK         1.0  PQ: 0 ANSI: 5
[   11.911274] scsi target2:0:0: Beginning Domain Validation
[   11.920668] scsi target2:0:0: Domain Validation skipping write tests
[   11.922364] scsi target2:0:0: Ending Domain Validation
[   11.934821] scsi target2:0:0: asynchronous
[   11.943874] scsi 2:0:1:0: Direct-Access     VBOX     HARDDISK         1.0  PQ: 0 ANSI: 5
[   11.965344] scsi target2:0:1: Beginning Domain Validation
[   11.969373] scsi target2:0:1: Domain Validation skipping write tests
[   11.981729] scsi target2:0:1: Ending Domain Validation
[   11.983235] scsi target2:0:1: asynchronous
[   12.009113] sd 2:0:0:0: Attached scsi generic sg0 type 0
[   12.010963] sd 2:0:0:0: [sda] 20971520 512-byte logical blocks: (10.7 GB/10.0 GiB)
[   12.013813] sd 2:0:1:0: Attached scsi generic sg1 type 0
[   12.021161] sd 2:0:1:0: [sdb] 20480 512-byte logical blocks: (10.5 MB/10.0 MiB)
[   12.025176] sd 2:0:1:0: [sdb] Write Protect is off
[   12.026739] sd 2:0:0:0: [sda] Write Protect is off
[   12.028307] sd 2:0:1:0: [sdb] Incomplete mode parameter data
[   12.029744] sd 2:0:1:0: [sdb] Assuming drive cache: write through
[   12.031270] sd 2:0:0:0: [sda] Incomplete mode parameter data
[   12.038213] sd 2:0:0:0: [sda] Assuming drive cache: write through
[   12.048674]  sda: sda1
[   12.050059] sd 2:0:1:0: [sdb] Attached SCSI disk
[   12.052270] sd 2:0:0:0: [sda] Attached SCSI disk
[   12.319994] e1000 0000:00:08.0 eth1: (PCI:33MHz:32-bit) 08:00:27:66:e7:8e
[   12.334583] e1000 0000:00:08.0 eth1: Intel(R) PRO/1000 Network Connection
[   12.344755] e1000 0000:00:08.0 enp0s8: renamed from eth1
[   12.360199] e1000 0000:00:03.0 enp0s3: renamed from eth0
Begin: Loading essential drivers ... [   13.824795] md: linear personality registered for level -1
[   13.863323] md: multipath personality registered for level -4
[   13.880152] md: raid0 personality registered for level 0
[   13.907904] md: raid1 personality registered for level 1
[   13.991763] raid6: sse2x1   gen()  7770 MB/s
[   14.091726] raid6: sse2x1   xor()  5637 MB/s
[   14.172035] raid6: sse2x2   gen()  9002 MB/s
[   14.247477] raid6: sse2x2   xor()  6353 MB/s
[   14.316060] raid6: sse2x4   gen() 10989 MB/s
[   14.396013] raid6: sse2x4   xor()  7534 MB/s
[   14.463547] raid6: avx2x1   gen() 13419 MB/s
[   14.535511] raid6: avx2x2   gen() 18029 MB/s
[   14.604071] raid6: avx2x4   gen() 19898 MB/s
[   14.605303] raid6: using algorithm avx2x4 gen() 19898 MB/s
[   14.621102] raid6: using avx2x2 recovery algorithm
[   14.638604] xor: automatically using best checksumming function:
[   14.691545]    avx       : 22205.000 MB/sec
[   14.694369] async_tx: api initialized (async)
[   14.712013] md: raid6 personality registered for level 6
[   14.719773] md: raid5 personality registered for level 5
[   14.727092] md: raid4 personality registered for level 4
[   14.744171] md: raid10 personality registered for level 10
done.
Begin: Running /scripts/init-premount ... done.
Begin: Mounting root file system ... Begin: Running /scripts/local-top ... done[   14.803713] Btrfs loaded
.
Begin: Running /scripts/local-premount ... Scanning for Btrfs filesystems
done.
Warning: fsck no[   14.848053] EXT4-fs (sda1): mounted filesystem with ordered data mode. Opts: (null)
t present, so skipping root file system
done.
Begin: Running /scripts/local-bottom ... done.
Begin: Running /scripts/init-bottom ... done.
[   14.942070] systemd[1] sstmd 229 running in system mode. (+PAM +AUDIT +SELINUX +IMA PPRMR +SMACK +SYSVINIT +UTMP +LIBCRYPTSETUP +GCRYP +NUTLS +ACL +XZ -LZ4 +SECCOMP +BLKID +ELFUTILS +KMOD -IDN)
[   15.214394] systemd[1]: Dteed virtualization oracle.
[   15.313751] systemd[1]: Detected architecture x86-64.

Welcome to [1mUbuntu 16.04.5 LTS[0m!

[   15.428996] systemd[1]: Set hostname to <ubuntu>.
[   .433775] systemd[1]Intiliin machine ID from random generator.
[   15.661524] systemd[1]: Installed transient /etc/machine-id le.

[   15.893500] systemd[1]: Reached taretSwap
[[0;32m  OK  [0m] Reached target Swap.
[  1.060412] systemd[1]: Created slice User and Session Slice.
[[0;32m  OK  [0m] Created slice User and Session Slice.
[   16.209881] systemd[1]: Reached target User and Group Name Lookups.
[[0;32m  OK  [0m] Reached target User and Group Name Lookups.
[  1.26458] systemd[1]: Listening on LVM2 poll daemon socket.
[[0;32m  OK  [0m] Listening on LVM2 poll daemon socket.
[  1.336122] systemd[1]: Listening on Syslog Socket.
[[0;32m  OK  [0m] Listening on Syslog Socket.
[   16.441194] systemd[1]: Started ForwardPaswrdReuess o Wall Directory Wah.
[[0;32m  OK  [0m] Started Forward Password Requests to Wall Directory Watch.
[   16.741636] systemd[1]: Reached target Encrypted Volumes.
[[0;32m  OK  [0m] Reached target Encrypted Volumes.
[   17.061489] systemd[1]: Listenig on udev Control Socket.

[[0;32m  OK  [0m] Listening on udev Control Socket.
[   17.128827] systemd[1]: Listening on LM2 metadaa daemon socket.
[[0;32m  OK  [0m] Listening on LVM2 metadata daemon socket.
[  1.260576] systemd[1]: Listening on udev Kernel Socket.
[[0;32m  OK  [0m] Listening on udev Kernel Socket.
[   17.345938] system1]: Listening on /de/initctl Compatibility Named Pipe.
[[0;32m  OK  [0m] Listening on /dev/initctl Compatibility Named Pipe.
[  1.5427]syted[]:Listeningn ouna Scket.

[[0;32m  OK  [0m] Listening on Journal Socket.
[   17.940170] systemd[1]: Listening on Journal Audit Socket.
[[0;32m  OK  [0m] Listening on Journal Audit Socket.
[   17.943645] systemd[1]: Listenng on Device-mapper event daemon FIFOs.
[[0;32m  OK  [0m] Listening on Device-mapper event daemon FIFOs.
[   1.077363] systemd[1]: Created slice System Slice.
[[0;32m  OK  [0m] Created slice System Slice.
[   18.228390] systemd[1]: Starting Set console keymap...
[   18.232737] random: nonblocking pool is initialized
         Starting Set console keymap...
[   18.288395] systemd[1]: Starting Monitoring of LVM2 mirrors, snapshots etc. using dmeventd or progress polling...
         Starting Monitoring of LVM2 mirrors... dmeventd or progress polling...
[   18.352626] systemd[1]: Starting Create list of required static device nodes for the current kernel...
         Starting Create list of required st... nodes for the current kernel...
[   18.369544] systemd[1]: Mounting Huge Pages File System...
         Mounting Huge Pages File System...
[   18.375987] systemd[1]: Starting Nameserver information manager...
         Starting Nameserver information manager...
[   18.428493] systemd[1]: Starting Remount Root and Kernel File Systems...
         Starting Remount Root and Kernel File Systems...
[   18.439242] EXT4-fs (sda1): re-mounted. Opts: (null)
[   18.440908] systemd[1]: Mounting POSIX Message Queue File System...
         Mounting POSIX Message Queue File System...
[   18.504552] systemd[1]: Starting Uncomplicated firewall...
         Starting Uncomplicated firewall...
[   18.541213] systemd[1]: Reached target Slices.
[[0;32m  OK  [0m] Reached target Slices.
[   18.551361] systemd[1]: Set up automount Arbitrary Executable File Formats File System Automount Point.
[[0;32m  OK  [0m] Set up automount Arbitrary Executab...ats File System Automount Point.
[  18.625655] systemd[1]: Listening on Journal Socket (/dev/log).

[[0;32m  OK  [0m] Listening on Journal Socket (/dev/log).
[   18.680126] systemd[1]: Starting Journal Service...
         Starting Journal Service...
[   18.688680] systemd[1]: Reached target System Time Synchronized.
[[0;32m  OK  [0m] Reached target System Time Synchronized.
[   18.712115] systemd[1]: Created slice system-serial\x2dgetty.slice.
[[0;32m  OK  [0m] Created slice system-serial\x2dgetty.slice.
[   18.716221] systemd[1]: Started Trigger resolvconf update for networkd DNS.
[[0;32m  OK  [0m] Started Trigger resolvconf update for networkd DNS.
[   18.771889] systemd[1]: Mounting Debug File System...
         Mounting Debug File System...
[   18.789967] systemd[1]: Starting Load Kernel Modules...
         Starting Load Kernel Modules...
[   18.802524] systemd[1]: Mounted Debug File System.
[   18.804309] Loading iSCSI transport class v2.0-870.
[[0;32m  OK  [0m] Mounted Debug File System.
[   18.837468] systemd[1]: Mounted Huge Pages File System.
[[0;32m  OK  [0m] Mounted Huge Pages File System.
[   18.841237] systemd[1]: Mounted POSIX Message Queue File System.
[[0;32m  OK  [0m] Mounted POSIX Message Queue File System.
[   18.845228] systemd[1]: Started Journal Service.
[   18.846806] iscsi: registered transport (tcp)
[[0;32m  OK  [0m] Started Journal Service.
[[0;32m  OK  [0m] Started Set console keymap.
[[0;32m  OK  [0m] Started Create list of required sta...ce nodes for the current kernel.
[   18.891734] iscsi: registered transport (iser)
[[0;32m  OK  [0m] Started Remount Root and Kernel File Systems.
[[0;32m  OK  [0m] Started Uncomplicated firewall.
[[0;32m  OK  [0m] Started Load Kernel Modules.
[[0;32m  OK  [0m] Started Nameserver information manager.
[[0;32m  OK  [0m] Started LVM2 metadata daemon.
         Starting Apply Kernel Variables...
         Mounting FUSE Control File System...
         Starting udev Coldplug all Devices...
         Starting Load/Save Random Seed...
         Starting Create Static Device Nodes in /dev...
         Starting Flush Journal to Persistent Storage...
[[0;32m  OK  [0m] Mounted FUSE Control File System.
[[0;32m  OK  [0m] Started Apply Kernel Variables.
[[0;32m  OK  [0m] Started Load/Save Random Seed.
[[0;32m  OK  [0m] Started Create Static Device Nodes in /dev.
[[0;32m  OK  [0m] Started udev Coldplug all Devices.
[[0;32m  OK  [0m] Started Flush Journal to Persistent Storage.
         Starting udev Kernel Device Manager...
[[0;32m  OK  [0m] Started udev Kernel Device Manager.
[[0;32m  OK  [0m] Started Dispatch Password Requests to Console Directory Watch.
[[0;32m  OK  [0m] Started Monitoring of LVM2 mirrors,...ng dmeventd or progress polling.
[[0;32m  OK  [0m] Reached target Local File Systems (Pre).
[[0;32m  OK  [0m] Reached target Local File Systems.
         Starting Initial cloud-init job (pre-networking)...
         Starting Create Volatile Files and Directories...
         Starting LSB: AppArmor initialization...
         Starting Commit a transient machine-id on disk...
         Starting Set console font and keymap...
         Starting Tell Plymouth To Write Out Runtime Data...
[[0;32m  OK  [0m] Started Create Volatile Files and Directories.
[[0;32m  OK  [0m] Started Commit a transient machine-id on disk.
[[0;32m  OK  [0m] Started Tell Plymouth To Write Out Runtime Data.
[[0;32m  OK  [0m] Found device /dev/ttyS0.
[[0;32m  OK  [0m] Listening on Load/Save RF Kill Switch Status /dev/rfkill Watch.
[   15.654609] cloud-init[480]: Cloud-init v. 18.3-9-g2e62cb8a-0ubuntu1~16.04.2 running 'init-local' at Sun, 30 Sep 2018 10:19:49 +0000. Up 15.09 seconds.
         Starting Update UTMP about System Boot/Shutdown...
[[0;32m  OK  [0m] Started LSB: AppArmor initialization.
[[0;32m  OK  [0m] Started Initial cloud-init job (pre-networking).
[[0;32m  OK  [0m] Started Set console font and keymap.
[[0;32m  OK  [0m] Started Update UTMP about System Boot/Shutdown.
[[0;32m  OK  [0m] Created slice system-getty.slice.
[[0;32m  OK  [0m] Reached target Network (Pre).
         Starting Raise network interfaces...
[[0;32m  OK  [0m] Started Raise network interfaces.
[[0;32m  OK  [0m] Reached target Network.
         Starting Initial cloud-init job (metadata service crawler)...
[   17.453190] cloud-init[937]: Cloud-init v. 18.3-9-g2e62cb8a-0ubuntu1~16.04.2 running 'init' at Sun, 30 Sep 2018 10:19:50 +0000. Up 16.80 seconds.
[   17.481090] cloud-init[937]: ci-info: ++++++++++++++++++++++++++++++++++++++Net device info+++++++++++++++++++++++++++++++++++++++
[   17.501147] cloud-init[937]: ci-info: +--------+-------+----------------------------+---------------+--------+-------------------+
[   17.504885] cloud-init[937]: ci-info: | Device |   Up  |          Address           |      Mask     | Scope  |     Hw-Address    |
[   17.532655] [cloud-init[0;32m  OK  [0m[937]: ] ci-info: +--------+-------+----------------------------+---------------+--------+-------------------+Started Initial cloud-init job (metadata service crawler).

[   17.533629] cloud-init[937]: ci-info: | enp0s3 |  True |         10.0.2.15          | 255.255.255.0 | global | 02:1d:76:b3:3c:fe |
[   17.610366] cloud-init[937]: ci-info: | enp0s3 |  True | fe80::1d:76ff:feb3:3cfe/64 |       .       |  link  | 02:1d:76:b3:3c:fe |
[[0;32m  OK  [0m] Reached target System Initialization.
[[0;32m  OK  [0m] Started Daily apt download activities.
[[0;32m  OK  [0m] Started Daily Cleanup of Temporary Directories.
         Starting Socket activation for snappy daemon.
[   17.611691] cloud-init[937]: ci-info: | enp0s8 | False |             .              |       .       |   .    | 08:00:27:66:e7:8e |
[   17.748526] [[0;32m  OK  [0m] Started ACPI Events Check.
cloud-init[937]: ci-info: |   lo   |  True |         127.0.0.1          |   255.0.0.0   |  host  |         .         |
[[0;32m  OK  [0m] Reached target Paths.
[[0;32m  OK  [0m] Listening on ACPID Listen Socket.
[[0;32m  OK  [0m] Started Daily apt upgrade and clean activities.
[[0;32m  OK  [0m] Reached target Timers.
[[0;32m  OK  [0m] Listening on UUID daemon activation socket.
[[0;32m  OK  [0m] Listening on D-Bus System Message Bus Socket.
[   17.750325] cloud-init[937]: ci-info: |   lo   |  True |          ::1/128           |       .       |  host  |         .         |
[   17.997028]          Starting LXD - unix socket.
[[0;32m  OK  [0m] Reached target Network is Online.
cloud-init[937]: ci-info: +--------+-------+----------------------------+---------------+--------+-------------------+
[   18.016559] cloud-init[937]: ci-info: +++++++++++++++++++++++++++Route IPv4 info++++++++++++++++++++++++++++
[   18.020328]          Starting iSCSI initiator daemon (iscsid)...
[[0;32m  OK  [0m] Reached target Cloud-config availability.
[[0;32m  OK  [0m] Listening on Socket activation for snappy daemon.
[[0;32m  OK  [0m] Listening on LXD - unix socket.
[[0;32m  OK  [0m] Reached target Sockets.
[[0;32m  OK  [0m] Reached target Basic System.
cloud-init[937]: ci-info: +-------+-------------+----------+---------------+-----------+-------+
         Starting LSB: Record successful boot for GRUB...
[   18.030056] cloud-init[937]: ci-info: | Route | Destination | Gateway  |    Genmask    | Interface | Flags |
[[0;32m  OK  [0m] Started Regular background program processing daemon.
[[0;32m  OK  [0m] Started Unattended Upgrades Shutdown.
         Starting System Logging Service...
         Starting LXD - container startup/shutdown...
         Starting Login Service...
[[0;32m  OK  [0m] Started FUSE filesystem for LXC.
[   18.091738]          Starting Virtualbox guest utils...
         Starting LSB: MD monitoring daemon...
[[0;32m  OK  [0m] Started ACPI event daemon.
         Starting Accounts Service...
cloud-init[937]: ci-info: +-------+-------------+----------+---------------+-----------+-------+
         Starting Pollinate to seed the pseudo random number generator...
[[0;32m  OK  [0m] Started Deferred execution scheduler.
         Starting /etc/rc.local Compatibility...
[[0;32m  OK  [0m] Started D-Bus System Message Bus.
[   18.127915] cloud-init[937]: ci-info: |   0   |   0.0.0.0   | 10.0.2.2 |    0.0.0.0    |   enp0s3  |   UG  |
[   18.169910] cloud-init[937]: ci-info: |   1   |   10.0.2.0  | 0.0.0.0  | 255.255.255.0 |   enp0s3  |   U   |
[   18.173867] cloud-init[937]: ci-info: +-------+-------------+----------+---------------+-----------+-------+
[   18.184230] cloud-init[937]: ci-info: +++++++++++++++++++Route IPv6 info+++++++++++++++++++
[   18.202410] cloud-init[937]: ci-info: +-------+-------------+---------+-----------+-------+
         Starting Snappy daemon...
[[0;32m  OK  [0m] Started System Logging Service.
[[0;32m  OK  [0m] Started /etc/rc.local Compatibility.
[[0;32m  OK  [0m] Started LXD - container startup/shutdown.
[   18.215781] cloud-init[937]: ci-info: | Route | Destination | Gateway | Interface | Flags |[[0;32m  OK  [0m] Started iSCSI initiator daemon (iscsid).

[   18.242025] cloud-init[937]: ci-info: +-------+-------------+---------+-----------+-------+
[   18.246951] cloud-init[937]: ci-info: |   0   |  fe80::/64  |    ::   |   enp0s3  |   U   |
[   18.259273] cloud-init[[0;32m  OK  [0m] Started LSB: Record successful boot for GRUB.
[937]: ci-info: |   3   |   ff00::/8  |    ::   |   enp0s3  |   U   |
[   18.273174] cloud-init[937]: ci-info: +-------+-------------+---------+-----------+-------+
[   18.284720] cloud-init[937]: Generating public/private rsa key pair.
[   18.291716] cloud-init[937]: Your identification has been saved in /etc/ssh/ssh_host_rsa_key.
[[0;32m  OK  [0m] Started Login Service.
[   18.299550] cloud-init[937]: Your public key has been saved in /etc/ssh/ssh_host_rsa_key.pub.
[   18.307755] cloud-init[937]: The key fingerprint is:
[   18.314139] cloud-init[937]: SHA256:YnJKbNSYV7H6t20WWqzBx4MqgZYshNYUo1SkWxkpfNo root@ubuntu-xenial
         Starting Authenticate and Authorize Users to Run Privileged Tasks...
         Starting Login to default iSCSI targets...
[   18.332748] [[0;32m  OK  [0m] Started LSB: MD monitoring daemon.
cloud-init[937]: The key's randomart image is:
[   18.361511] cloud-init[937]: +---[RSA 2048]----+
[[0;32m  OK  [0m] Started Login to default iSCSI targets.
[[0;32m  OK  [0m] Started Authenticate and Authorize Users to Run Privileged Tasks.
[   18.380645] cloud-init[937]: [[0;32m  OK  [0m] Started Accounts Service.
|..o*o   o.       |
[   18.400908] cloud-init[[0;32m  OK  [0m] Reached target Remote File Systems (Pre).
[[0;32m  OK  [0m] Reached target Remote File Systems.
[937]: |.oo+++ . .       |
[   18.431196]          Starting LSB: Set the CPU Frequency Scaling governor to "ondemand"...
         Starting LSB: automatic crash report generation...
         Starting LSB: daemon to balance interrupts for SMP systems...
         Starting Permit User Sessions...
[[0;32m  OK  [0m] Started Permit User Sessions.
cloud-init[937]: | +Bo+ o .        |
[[0;32m  OK  [0m] Started Virtualbox guest utils.
[   18.457493] cloud-init[937]: |.o+E . .         |
[   18.483676] cloud-init[937]: |.o .=o= S. +     |
[   18.485315] cloud-init[937]: |  .o==.o  + B    |
[   18.488893] cloud-init[937]: |   o.  ....* o   |
[   18.491282] cloud-init[937]: |      . ..ooo    |
[   18.494045] cloud-init[937]: |       .  .o.    |         Starting Hold until boot process finishes up...
         Starting Terminate Plymouth Boot Screen...
[[0;32m  OK  [0m] Started LSB: Set the CPU Frequency Scaling governor to "ondemand".

[   18.504673] cloud-init[[0;32m  OK  [0m] Started Hold until boot process finishes up.
[937]: +----[SHA256]-----+
[[0;32m  OK  [0m] [   18.514400] cloud-init[937]: Generating public/private dsa key pair.
[   18.514580] cloud-init[937]: Your identification has been saved in /etc/ssh/ssh_host_dsa_key.
[   18.514829] cloud-init[937]: Your public key has been saved in /etc/ssh/ssh_host_dsa_key.pub.
[   18.515376] cloud-init[937]: The key fingerprint is:
[   18.515802] cloud-init[937]: SHA256:rF5Gs8AdXO/XdDFu8rt8/0WJqUsqc4S2yK1t4VR7Oxg root@ubuntu-xenial
[   18.516042] cloud-init[937]: The key's randomart image is:
[   18.519096] cloud-init[937]: +---[DSA 1024]----+
[   18.521875] cloud-init[937]: |          .    o |
Started Terminate Plymouth Boot Screen.
[[   18.522029] cloud-init[937]: |       . . .  . o|
[   18.537742] cloud-init[937]: |        o   .. oo|
[   18.538060] cloud-init[937]: |     . o o .  *oo|
[   18.538346] cloud-init[937]: |      o S . .o.oo|
[   18.538904] cloud-init[937]: |       O E ... ..|
[   18.538952] cloud-init[937]: |    . B B +o.  ..|
[   18.539000] cloud-init[937]: |     +.X ooo. . +|
[   18.539045] cloud-init[937]: |     .+.+. ..  o*|
[   18.539086] cloud-init[937]: +----[SHA256]-----+
[   18.539174] cloud-init[937]: Generating public/private ecdsa key pair.
[   18.539277] cloud-init[937]: Your identification has been saved in /etc/ssh/ssh_host_ecdsa_key.
[   18.539362] cloud-init[937]: Your public key has been saved in /etc/ssh/ssh_host_ecdsa_key.pub.
[   18.539403] cloud-init[937]: The key fingerprint is:
[   18.539441] cloud-init[937]: SHA256:ui2myHIe18PnO8gng0716dF5LzsT8LXy9WrXBM0RMI8 root@ubuntu-xenial
[   18.539480] cloud-init[937]: The key's randomart image is:
[   18.539545] cloud-init[937]: +---[ECDSA 256]---+
[   18.539586] cloud-init[937]: |             o...|
[   18.539624] cloud-init[937]: |              +. |
[   18.539675] cloud-init[937]: |             E +.|
[   18.539737] cloud-init[937]: |          .   o o|
[   18.539801] cloud-init[937]: |      . S  o . o |
[   18.539844] cloud-init[937]: |     + o o .+ . o|
[   18.539883] cloud-init[937]: |  . oo=.= o .+ oo|
[   18.539954] cloud-init[937]: |...=. BBo. .+.o +|
[   18.540004] cloud-init[937]: | ++.oo.==o  .*oo |
[   18.540045] cloud-init[937]: +----[SHA256]-----+
[0;32m  OK  [0m] Started LSB: daemon to balance interrupts for SMP systems.
[   18.540182] cloud-init[937]: Generating public/private ed25519 key pair.
[   18.612794] cloud-init[937]: Your identification has been saved in /etc/ssh/ssh_host_ed25519_key.
[   18.613196] cloud-init[937]: Your public key has been saved in /etc/ssh/ssh_host_ed25519_key.pub.
[   18.613820] cloud-init[937]: The key fingerprint is:
[   18.614033] cloud-init[937]: SHA256:0WyGWJJcgFA6W9BlkR6/Ww+pIIbKkEZ+WaWdmwhfPFk root@ubuntu-xenial
[   18.614236] cloud-init[937]: The key's randomart image is:
[   18.614752] cloud-init[937]: +--[ED25519 256]--+
[   18.614990] cloud-init[937]: |  o+.+**o        |
[   18.615213] cloud-init[937]: |   oo.== E       |
[[0;32m  OK  [0m] Started Pollinate to seed the pseudo random number generator.
[   18.618655] cloud-init[937]: |  o ..*o* =      |
[   18.643862] cloud-init[937]: | . = o.B.+       |
[   18.644462] cloud-init[937]: |o...= o S. .     |
[[0;32m  OK  [0m] Started Snappy daemon.
[   18.644680] cloud-init[937]: |oo.ooo.o. +      |
[   18.719746] cloud-init[937]: |+... . . + o     |
         Starting Wait until snapd is fully seeded...
         Starting OpenBSD Secure Shell server...
[   18.758775] cloud-init[937]: |..      o   .    |
[   18.789933] cloud-init[937]: |                 |
[   18.812568] [[0;32m  OK  [0m] Started Getty on tty1.
cloud-init[937]: +----[SHA256]-----+
         Starting Set console scheme...
[[0;32m  OK  [0m] Started Serial Getty on ttyS0.
[[0;32m  OK  [0m] Reached target Login Prompts.
[[0;32m  OK  [0m] Started OpenBSD Secure Shell server.
[[0;32m  OK  [0m] Started LSB: automatic crash report generation.
[[0;32m  OK  [0m] Started Set console scheme.
[[0;32m  OK  [0m] Started Wait until snapd is fully seeded.
         Starting Apply the settings specified in cloud-config...
[[0;32m  OK  [0m] Reached target Multi-User System.
[[0;32m  OK  [0m] Reached target Graphical Interface.
         Starting Update UTMP about System Runlevel Changes...
[[0;32m  OK  [0m] Started Update UTMP about System Runlevel Changes.
[   19.710832] cloud-init[1256]: Generating locales (this might take a while)...
[   20.540026] cloud-init[1256]:   en_US.UTF-8... done
[   20.544550] cloud-init[1256]: Generation complete.
[   20.825708] cloud-init[1256]: Cloud-init v. 18.3-9-g2e62cb8a-0ubuntu1~16.04.2 running 'modules:config' at Sun, 30 Sep 2018 10:19:53 +0000. Up 19.58 seconds.
[[0;32m  OK  [0m] Started Apply the settings specified in cloud-config.
         Starting Execute cloud user/final scripts...
ci-info: no authorized ssh keys fingerprints found for user ubuntu.
<14>Sep 30 10:19:55 ec2: 
<14>Sep 30 10:19:55 ec2: #############################################################
<14>Sep 30 10:19:55 ec2: -----BEGIN SSH HOST KEY FINGERPRINTS-----
<14>Sep 30 10:19:55 ec2: 1024 SHA256:rF5Gs8AdXO/XdDFu8rt8/0WJqUsqc4S2yK1t4VR7Oxg root@ubuntu-xenial (DSA)
<14>Sep 30 10:19:55 ec2: 256 SHA256:ui2myHIe18PnO8gng0716dF5LzsT8LXy9WrXBM0RMI8 root@ubuntu-xenial (ECDSA)
<14>Sep 30 10:19:55 ec2: 256 SHA256:0WyGWJJcgFA6W9BlkR6/Ww+pIIbKkEZ+WaWdmwhfPFk root@ubuntu-xenial (ED25519)
<14>Sep 30 10:19:55 ec2: 2048 SHA256:YnJKbNSYV7H6t20WWqzBx4MqgZYshNYUo1SkWxkpfNo root@ubuntu-xenial (RSA)
<14>Sep 30 10:19:55 ec2: -----END SSH HOST KEY FINGERPRINTS-----
<14>Sep 30 10:19:55 ec2: #############################################################
-----BEGIN SSH HOST KEY KEYS-----
ecdsa-sha2-nistp256 AAAAE2VjZHNhLXNoYTItbmlzdHAyNTYAAAAIbmlzdHAyNTYAAABBBANAZeEJxJaIoiHHExZR7ZTOqduHF51DbEknEDLMG+oq4xgD0tm+oXH8lkiXZ4iH4KddZPG1GBI4IWnEmSErcf4= root@ubuntu-xenial
ssh-ed25519 AAAAC3NzaC1lZDI1NTE5AAAAIELDul1m9QlZJvpECkBS5kb/6stRtvZNa2YKxsVro/EE root@ubuntu-xenial
ssh-rsa AAAAB3NzaC1yc2EAAAADAQABAAABAQCxmO92or+uBwLNabNoX3IikXg7N+EVYzojtDC5bHjfLsqSuNTAU+0O/RGqw4y8ntFx4H99wMYmufYvkb90xcck+LaG5oJDFpepYN3sL5uvtKyJ2wowjfpt7VMFK5qUiWTZbpdcvl32rP6q1Ct8B+SGTsw1oqVQFN722w1LTTQSoCIeJlTfrLqJFjG/1hnTkGVLG7/aZVrFQSBoaMV3crt/atWGOkywb4e+1PpN15LEfQF4rXP4yinVG4Elup4wpRKBiO+62nm+0kqs3rrS72ZaYZJ+kiq0AnimjGXT1TYya59JewWhq3tpF0aEzb+TfUlc4SN9HboPQd0PO2WOo+FT root@ubuntu-xenial
-----END SSH HOST KEY KEYS-----
[   22.077673] cloud-init[1300]: Cloud-init v. 18.3-9-g2e62cb8a-0ubuntu1~16.04.2 running 'modules:final' at Sun, 30 Sep 2018 10:19:55 +0000. Up 21.23 seconds.
[   22.088643] cloud-init[1300]: ci-info: no authorized ssh keys fingerprints found for user ubuntu.
[   22.091843] cloud-init[1300]: Cloud-init v. 18.3-9-g2e62cb8a-0ubuntu1~16.04.2 finished at Sun, 30 Sep 2018 10:19:56 +0000. Datasource DataSourceNoCloud [seed=/dev/sdb][dsmode=net].  Up 22.06 seconds
[[0;32m  OK  [0m] Started Execute cloud user/final scripts.
[[0;32m  OK  [0m] Reached target Cloud-init target.

Ubuntu 16.04.5 LTS ubuntu-xenial ttyS0

ubuntu-xenial login: 